<?xml version="1.0" encoding="UTF-8"?>
<testsuite xmlns:xsi="http://www.w3.org/2001/XMLSchema-instance" xsi:noNamespaceSchemaLocation="https://maven.apache.org/surefire/maven-surefire-plugin/xsd/surefire-test-report.xsd" name="mx.tec.lab.FirstUnitTestApplicationTests" time="1.102" tests="3" errors="0" skipped="1" failures="0">
  <properties>
    <property name="java.specification.version" value="15"/>
    <property name="sun.jnu.encoding" value="ANSI_X3.4-1968"/>
    <property name="java.class.path" value="/home/victorg/Documents/workspace-spring-tool-suite-4-4.9.0.RELEASE/firstUnitTest/target/test-classes:/home/victorg/Documents/workspace-spring-tool-suite-4-4.9.0.RELEASE/firstUnitTest/target/classes:/home/victorg/.m2/repository/org/springframework/boot/spring-boot-starter/2.4.2/spring-boot-starter-2.4.2.jar:/home/victorg/.m2/repository/org/springframework/boot/spring-boot/2.4.2/spring-boot-2.4.2.jar:/home/victorg/.m2/repository/org/springframework/spring-context/5.3.3/spring-context-5.3.3.jar:/home/victorg/.m2/repository/org/springframework/spring-aop/5.3.3/spring-aop-5.3.3.jar:/home/victorg/.m2/repository/org/springframework/spring-beans/5.3.3/spring-beans-5.3.3.jar:/home/victorg/.m2/repository/org/springframework/spring-expression/5.3.3/spring-expression-5.3.3.jar:/home/victorg/.m2/repository/org/springframework/boot/spring-boot-autoconfigure/2.4.2/spring-boot-autoconfigure-2.4.2.jar:/home/victorg/.m2/repository/org/springframework/boot/spring-boot-starter-logging/2.4.2/spring-boot-starter-logging-2.4.2.jar:/home/victorg/.m2/repository/ch/qos/logback/logback-classic/1.2.3/logback-classic-1.2.3.jar:/home/victorg/.m2/repository/ch/qos/logback/logback-core/1.2.3/logback-core-1.2.3.jar:/home/victorg/.m2/repository/org/apache/logging/log4j/log4j-to-slf4j/2.13.3/log4j-to-slf4j-2.13.3.jar:/home/victorg/.m2/repository/org/apache/logging/log4j/log4j-api/2.13.3/log4j-api-2.13.3.jar:/home/victorg/.m2/repository/org/slf4j/jul-to-slf4j/1.7.30/jul-to-slf4j-1.7.30.jar:/home/victorg/.m2/repository/jakarta/annotation/jakarta.annotation-api/1.3.5/jakarta.annotation-api-1.3.5.jar:/home/victorg/.m2/repository/org/springframework/spring-core/5.3.3/spring-core-5.3.3.jar:/home/victorg/.m2/repository/org/springframework/spring-jcl/5.3.3/spring-jcl-5.3.3.jar:/home/victorg/.m2/repository/org/yaml/snakeyaml/1.27/snakeyaml-1.27.jar:/home/victorg/.m2/repository/org/springframework/boot/spring-boot-starter-test/2.4.2/spring-boot-starter-test-2.4.2.jar:/home/victorg/.m2/repository/org/springframework/boot/spring-boot-test/2.4.2/spring-boot-test-2.4.2.jar:/home/victorg/.m2/repository/org/springframework/boot/spring-boot-test-autoconfigure/2.4.2/spring-boot-test-autoconfigure-2.4.2.jar:/home/victorg/.m2/repository/com/jayway/jsonpath/json-path/2.4.0/json-path-2.4.0.jar:/home/victorg/.m2/repository/net/minidev/json-smart/2.3/json-smart-2.3.jar:/home/victorg/.m2/repository/net/minidev/accessors-smart/1.2/accessors-smart-1.2.jar:/home/victorg/.m2/repository/org/ow2/asm/asm/5.0.4/asm-5.0.4.jar:/home/victorg/.m2/repository/org/slf4j/slf4j-api/1.7.30/slf4j-api-1.7.30.jar:/home/victorg/.m2/repository/jakarta/xml/bind/jakarta.xml.bind-api/2.3.3/jakarta.xml.bind-api-2.3.3.jar:/home/victorg/.m2/repository/jakarta/activation/jakarta.activation-api/1.2.2/jakarta.activation-api-1.2.2.jar:/home/victorg/.m2/repository/org/assertj/assertj-core/3.18.1/assertj-core-3.18.1.jar:/home/victorg/.m2/repository/org/hamcrest/hamcrest/2.2/hamcrest-2.2.jar:/home/victorg/.m2/repository/org/junit/jupiter/junit-jupiter/5.7.0/junit-jupiter-5.7.0.jar:/home/victorg/.m2/repository/org/junit/jupiter/junit-jupiter-api/5.7.0/junit-jupiter-api-5.7.0.jar:/home/victorg/.m2/repository/org/apiguardian/apiguardian-api/1.1.0/apiguardian-api-1.1.0.jar:/home/victorg/.m2/repository/org/opentest4j/opentest4j/1.2.0/opentest4j-1.2.0.jar:/home/victorg/.m2/repository/org/junit/platform/junit-platform-commons/1.7.0/junit-platform-commons-1.7.0.jar:/home/victorg/.m2/repository/org/junit/jupiter/junit-jupiter-params/5.7.0/junit-jupiter-params-5.7.0.jar:/home/victorg/.m2/repository/org/junit/jupiter/junit-jupiter-engine/5.7.0/junit-jupiter-engine-5.7.0.jar:/home/victorg/.m2/repository/org/junit/platform/junit-platform-engine/1.7.0/junit-platform-engine-1.7.0.jar:/home/victorg/.m2/repository/org/mockito/mockito-core/3.6.28/mockito-core-3.6.28.jar:/home/victorg/.m2/repository/net/bytebuddy/byte-buddy/1.10.19/byte-buddy-1.10.19.jar:/home/victorg/.m2/repository/net/bytebuddy/byte-buddy-agent/1.10.19/byte-buddy-agent-1.10.19.jar:/home/victorg/.m2/repository/org/objenesis/objenesis/3.1/objenesis-3.1.jar:/home/victorg/.m2/repository/org/mockito/mockito-junit-jupiter/3.6.28/mockito-junit-jupiter-3.6.28.jar:/home/victorg/.m2/repository/org/skyscreamer/jsonassert/1.5.0/jsonassert-1.5.0.jar:/home/victorg/.m2/repository/com/vaadin/external/google/android-json/0.0.20131108.vaadin1/android-json-0.0.20131108.vaadin1.jar:/home/victorg/.m2/repository/org/springframework/spring-test/5.3.3/spring-test-5.3.3.jar:/home/victorg/.m2/repository/org/xmlunit/xmlunit-core/2.7.0/xmlunit-core-2.7.0.jar:"/>
    <property name="java.vm.vendor" value="Oracle Corporation"/>
    <property name="sun.arch.data.model" value="64"/>
    <property name="java.vendor.url" value="https://java.oracle.com/"/>
    <property name="os.name" value="Linux"/>
    <property name="java.vm.specification.version" value="15"/>
    <property name="sun.java.launcher" value="SUN_STANDARD"/>
    <property name="user.country" value="US"/>
    <property name="sun.boot.library.path" value="/usr/lib/jvm/jdk-15.0.2/lib"/>
    <property name="sun.java.command" value="/home/victorg/Documents/workspace-spring-tool-suite-4-4.9.0.RELEASE/firstUnitTest/target/surefire/surefirebooter54087373753174561.jar /home/victorg/Documents/workspace-spring-tool-suite-4-4.9.0.RELEASE/firstUnitTest/target/surefire 2021-02-11T18-33-10_996-jvmRun1 surefire11442517709589639940tmp surefire_012626238072223794013tmp"/>
    <property name="jdk.debug" value="release"/>
    <property name="surefire.test.class.path" value="/home/victorg/Documents/workspace-spring-tool-suite-4-4.9.0.RELEASE/firstUnitTest/target/test-classes:/home/victorg/Documents/workspace-spring-tool-suite-4-4.9.0.RELEASE/firstUnitTest/target/classes:/home/victorg/.m2/repository/org/springframework/boot/spring-boot-starter/2.4.2/spring-boot-starter-2.4.2.jar:/home/victorg/.m2/repository/org/springframework/boot/spring-boot/2.4.2/spring-boot-2.4.2.jar:/home/victorg/.m2/repository/org/springframework/spring-context/5.3.3/spring-context-5.3.3.jar:/home/victorg/.m2/repository/org/springframework/spring-aop/5.3.3/spring-aop-5.3.3.jar:/home/victorg/.m2/repository/org/springframework/spring-beans/5.3.3/spring-beans-5.3.3.jar:/home/victorg/.m2/repository/org/springframework/spring-expression/5.3.3/spring-expression-5.3.3.jar:/home/victorg/.m2/repository/org/springframework/boot/spring-boot-autoconfigure/2.4.2/spring-boot-autoconfigure-2.4.2.jar:/home/victorg/.m2/repository/org/springframework/boot/spring-boot-starter-logging/2.4.2/spring-boot-starter-logging-2.4.2.jar:/home/victorg/.m2/repository/ch/qos/logback/logback-classic/1.2.3/logback-classic-1.2.3.jar:/home/victorg/.m2/repository/ch/qos/logback/logback-core/1.2.3/logback-core-1.2.3.jar:/home/victorg/.m2/repository/org/apache/logging/log4j/log4j-to-slf4j/2.13.3/log4j-to-slf4j-2.13.3.jar:/home/victorg/.m2/repository/org/apache/logging/log4j/log4j-api/2.13.3/log4j-api-2.13.3.jar:/home/victorg/.m2/repository/org/slf4j/jul-to-slf4j/1.7.30/jul-to-slf4j-1.7.30.jar:/home/victorg/.m2/repository/jakarta/annotation/jakarta.annotation-api/1.3.5/jakarta.annotation-api-1.3.5.jar:/home/victorg/.m2/repository/org/springframework/spring-core/5.3.3/spring-core-5.3.3.jar:/home/victorg/.m2/repository/org/springframework/spring-jcl/5.3.3/spring-jcl-5.3.3.jar:/home/victorg/.m2/repository/org/yaml/snakeyaml/1.27/snakeyaml-1.27.jar:/home/victorg/.m2/repository/org/springframework/boot/spring-boot-starter-test/2.4.2/spring-boot-starter-test-2.4.2.jar:/home/victorg/.m2/repository/org/springframework/boot/spring-boot-test/2.4.2/spring-boot-test-2.4.2.jar:/home/victorg/.m2/repository/org/springframework/boot/spring-boot-test-autoconfigure/2.4.2/spring-boot-test-autoconfigure-2.4.2.jar:/home/victorg/.m2/repository/com/jayway/jsonpath/json-path/2.4.0/json-path-2.4.0.jar:/home/victorg/.m2/repository/net/minidev/json-smart/2.3/json-smart-2.3.jar:/home/victorg/.m2/repository/net/minidev/accessors-smart/1.2/accessors-smart-1.2.jar:/home/victorg/.m2/repository/org/ow2/asm/asm/5.0.4/asm-5.0.4.jar:/home/victorg/.m2/repository/org/slf4j/slf4j-api/1.7.30/slf4j-api-1.7.30.jar:/home/victorg/.m2/repository/jakarta/xml/bind/jakarta.xml.bind-api/2.3.3/jakarta.xml.bind-api-2.3.3.jar:/home/victorg/.m2/repository/jakarta/activation/jakarta.activation-api/1.2.2/jakarta.activation-api-1.2.2.jar:/home/victorg/.m2/repository/org/assertj/assertj-core/3.18.1/assertj-core-3.18.1.jar:/home/victorg/.m2/repository/org/hamcrest/hamcrest/2.2/hamcrest-2.2.jar:/home/victorg/.m2/repository/org/junit/jupiter/junit-jupiter/5.7.0/junit-jupiter-5.7.0.jar:/home/victorg/.m2/repository/org/junit/jupiter/junit-jupiter-api/5.7.0/junit-jupiter-api-5.7.0.jar:/home/victorg/.m2/repository/org/apiguardian/apiguardian-api/1.1.0/apiguardian-api-1.1.0.jar:/home/victorg/.m2/repository/org/opentest4j/opentest4j/1.2.0/opentest4j-1.2.0.jar:/home/victorg/.m2/repository/org/junit/platform/junit-platform-commons/1.7.0/junit-platform-commons-1.7.0.jar:/home/victorg/.m2/repository/org/junit/jupiter/junit-jupiter-params/5.7.0/junit-jupiter-params-5.7.0.jar:/home/victorg/.m2/repository/org/junit/jupiter/junit-jupiter-engine/5.7.0/junit-jupiter-engine-5.7.0.jar:/home/victorg/.m2/repository/org/junit/platform/junit-platform-engine/1.7.0/junit-platform-engine-1.7.0.jar:/home/victorg/.m2/repository/org/mockito/mockito-core/3.6.28/mockito-core-3.6.28.jar:/home/victorg/.m2/repository/net/bytebuddy/byte-buddy/1.10.19/byte-buddy-1.10.19.jar:/home/victorg/.m2/repository/net/bytebuddy/byte-buddy-agent/1.10.19/byte-buddy-agent-1.10.19.jar:/home/victorg/.m2/repository/org/objenesis/objenesis/3.1/objenesis-3.1.jar:/home/victorg/.m2/repository/org/mockito/mockito-junit-jupiter/3.6.28/mockito-junit-jupiter-3.6.28.jar:/home/victorg/.m2/repository/org/skyscreamer/jsonassert/1.5.0/jsonassert-1.5.0.jar:/home/victorg/.m2/repository/com/vaadin/external/google/android-json/0.0.20131108.vaadin1/android-json-0.0.20131108.vaadin1.jar:/home/victorg/.m2/repository/org/springframework/spring-test/5.3.3/spring-test-5.3.3.jar:/home/victorg/.m2/repository/org/xmlunit/xmlunit-core/2.7.0/xmlunit-core-2.7.0.jar:"/>
    <property name="sun.cpu.endian" value="little"/>
    <property name="user.home" value="/home/victorg"/>
    <property name="user.language" value="en"/>
    <property name="java.specification.vendor" value="Oracle Corporation"/>
    <property name="java.version.date" value="2021-01-19"/>
    <property name="java.home" value="/usr/lib/jvm/jdk-15.0.2"/>
    <property name="file.separator" value="/"/>
    <property name="style.color" value="always"/>
    <property name="basedir" value="/home/victorg/Documents/workspace-spring-tool-suite-4-4.9.0.RELEASE/firstUnitTest"/>
    <property name="java.vm.compressedOopsMode" value="Zero based"/>
    <property name="line.separator" value="&#10;"/>
    <property name="java.vm.specification.vendor" value="Oracle Corporation"/>
    <property name="java.specification.name" value="Java Platform API Specification"/>
    <property name="surefire.real.class.path" value="/home/victorg/Documents/workspace-spring-tool-suite-4-4.9.0.RELEASE/firstUnitTest/target/surefire/surefirebooter54087373753174561.jar"/>
    <property name="sun.management.compiler" value="HotSpot 64-Bit Tiered Compilers"/>
    <property name="java.runtime.version" value="15.0.2+7-27"/>
    <property name="user.name" value="victorg"/>
    <property name="path.separator" value=":"/>
    <property name="os.version" value="5.9.11-3-MANJARO"/>
    <property name="java.runtime.name" value="Java(TM) SE Runtime Environment"/>
    <property name="file.encoding" value="ANSI_X3.4-1968"/>
    <property name="java.vm.name" value="Java HotSpot(TM) 64-Bit Server VM"/>
    <property name="localRepository" value="/home/victorg/.m2/repository"/>
    <property name="java.vendor.url.bug" value="https://bugreport.java.com/bugreport/"/>
    <property name="java.io.tmpdir" value="/tmp"/>
    <property name="java.version" value="15.0.2"/>
    <property name="user.dir" value="/home/victorg/Documents/workspace-spring-tool-suite-4-4.9.0.RELEASE/firstUnitTest"/>
    <property name="os.arch" value="amd64"/>
    <property name="java.vm.specification.name" value="Java Virtual Machine Specification"/>
    <property name="java.library.path" value="/usr/java/packages/lib:/usr/lib64:/lib64:/lib:/usr/lib"/>
    <property name="java.vm.info" value="mixed mode, sharing"/>
    <property name="java.vendor" value="Oracle Corporation"/>
    <property name="java.vm.version" value="15.0.2+7-27"/>
    <property name="sun.io.unicode.encoding" value="UnicodeLittle"/>
    <property name="java.class.version" value="59.0"/>
  </properties>
  <testcase name="notImplementedTest" classname="mx.tec.lab.FirstUnitTestApplicationTests" time="0">
    <skipped message="Test is ignored as a demonstration."/>
    <system-out><![CDATA[18:33:11.490 [main] DEBUG org.springframework.test.context.BootstrapUtils - Instantiating CacheAwareContextLoaderDelegate from class [org.springframework.test.context.cache.DefaultCacheAwareContextLoaderDelegate]
18:33:11.501 [main] DEBUG org.springframework.test.context.BootstrapUtils - Instantiating BootstrapContext using constructor [public org.springframework.test.context.support.DefaultBootstrapContext(java.lang.Class,org.springframework.test.context.CacheAwareContextLoaderDelegate)]
18:33:11.529 [main] DEBUG org.springframework.test.context.BootstrapUtils - Instantiating TestContextBootstrapper for test class [mx.tec.lab.FirstUnitTestApplicationTests] from class [org.springframework.boot.test.context.SpringBootTestContextBootstrapper]
18:33:11.537 [main] INFO org.springframework.boot.test.context.SpringBootTestContextBootstrapper - Neither @ContextConfiguration nor @ContextHierarchy found for test class [mx.tec.lab.FirstUnitTestApplicationTests], using SpringBootContextLoader
18:33:11.540 [main] DEBUG org.springframework.test.context.support.AbstractContextLoader - Did not detect default resource location for test class [mx.tec.lab.FirstUnitTestApplicationTests]: class path resource [mx/tec/lab/FirstUnitTestApplicationTests-context.xml] does not exist
18:33:11.541 [main] DEBUG org.springframework.test.context.support.AbstractContextLoader - Did not detect default resource location for test class [mx.tec.lab.FirstUnitTestApplicationTests]: class path resource [mx/tec/lab/FirstUnitTestApplicationTestsContext.groovy] does not exist
18:33:11.541 [main] INFO org.springframework.test.context.support.AbstractContextLoader - Could not detect default resource locations for test class [mx.tec.lab.FirstUnitTestApplicationTests]: no resource found for suffixes {-context.xml, Context.groovy}.
18:33:11.541 [main] INFO org.springframework.test.context.support.AnnotationConfigContextLoaderUtils - Could not detect default configuration classes for test class [mx.tec.lab.FirstUnitTestApplicationTests]: FirstUnitTestApplicationTests does not declare any static, non-private, non-final, nested classes annotated with @Configuration.
18:33:11.569 [main] DEBUG org.springframework.test.context.support.ActiveProfilesUtils - Could not find an 'annotation declaring class' for annotation type [org.springframework.test.context.ActiveProfiles] and class [mx.tec.lab.FirstUnitTestApplicationTests]
18:33:11.604 [main] DEBUG org.springframework.context.annotation.ClassPathScanningCandidateComponentProvider - Identified candidate component class: file [/home/victorg/Documents/workspace-spring-tool-suite-4-4.9.0.RELEASE/firstUnitTest/target/classes/mx/tec/lab/FirstUnitTestApplication.class]
18:33:11.606 [main] INFO org.springframework.boot.test.context.SpringBootTestContextBootstrapper - Found @SpringBootConfiguration mx.tec.lab.FirstUnitTestApplication for test class mx.tec.lab.FirstUnitTestApplicationTests
18:33:11.660 [main] DEBUG org.springframework.boot.test.context.SpringBootTestContextBootstrapper - @TestExecutionListeners is not present for class [mx.tec.lab.FirstUnitTestApplicationTests]: using defaults.
18:33:11.661 [main] INFO org.springframework.boot.test.context.SpringBootTestContextBootstrapper - Loaded default TestExecutionListener class names from location [META-INF/spring.factories]: [org.springframework.boot.test.mock.mockito.MockitoTestExecutionListener, org.springframework.boot.test.mock.mockito.ResetMocksTestExecutionListener, org.springframework.boot.test.autoconfigure.restdocs.RestDocsTestExecutionListener, org.springframework.boot.test.autoconfigure.web.client.MockRestServiceServerResetTestExecutionListener, org.springframework.boot.test.autoconfigure.web.servlet.MockMvcPrintOnlyOnFailureTestExecutionListener, org.springframework.boot.test.autoconfigure.web.servlet.WebDriverTestExecutionListener, org.springframework.boot.test.autoconfigure.webservices.client.MockWebServiceServerTestExecutionListener, org.springframework.test.context.web.ServletTestExecutionListener, org.springframework.test.context.support.DirtiesContextBeforeModesTestExecutionListener, org.springframework.test.context.event.ApplicationEventsTestExecutionListener, org.springframework.test.context.support.DependencyInjectionTestExecutionListener, org.springframework.test.context.support.DirtiesContextTestExecutionListener, org.springframework.test.context.transaction.TransactionalTestExecutionListener, org.springframework.test.context.jdbc.SqlScriptsTestExecutionListener, org.springframework.test.context.event.EventPublishingTestExecutionListener]
18:33:11.665 [main] DEBUG org.springframework.boot.test.context.SpringBootTestContextBootstrapper - Skipping candidate TestExecutionListener [org.springframework.test.context.web.ServletTestExecutionListener] due to a missing dependency. Specify custom listener classes or make the default listener classes and their required dependencies available. Offending class: [javax/servlet/ServletContext]
18:33:11.666 [main] DEBUG org.springframework.boot.test.context.SpringBootTestContextBootstrapper - Skipping candidate TestExecutionListener [org.springframework.test.context.transaction.TransactionalTestExecutionListener] due to a missing dependency. Specify custom listener classes or make the default listener classes and their required dependencies available. Offending class: [org/springframework/transaction/interceptor/TransactionAttributeSource]
18:33:11.667 [main] DEBUG org.springframework.boot.test.context.SpringBootTestContextBootstrapper - Skipping candidate TestExecutionListener [org.springframework.test.context.jdbc.SqlScriptsTestExecutionListener] due to a missing dependency. Specify custom listener classes or make the default listener classes and their required dependencies available. Offending class: [org/springframework/transaction/interceptor/TransactionAttribute]
18:33:11.667 [main] INFO org.springframework.boot.test.context.SpringBootTestContextBootstrapper - Using TestExecutionListeners: [org.springframework.test.context.support.DirtiesContextBeforeModesTestExecutionListener@1cd629b3, org.springframework.test.context.event.ApplicationEventsTestExecutionListener@589da3f3, org.springframework.boot.test.mock.mockito.MockitoTestExecutionListener@39d76cb5, org.springframework.boot.test.autoconfigure.SpringBootDependencyInjectionTestExecutionListener@4a00d9cf, org.springframework.test.context.support.DirtiesContextTestExecutionListener@6736fa8d, org.springframework.test.context.event.EventPublishingTestExecutionListener@52815fa3, org.springframework.boot.test.mock.mockito.ResetMocksTestExecutionListener@50313382, org.springframework.boot.test.autoconfigure.restdocs.RestDocsTestExecutionListener@1cb346ea, org.springframework.boot.test.autoconfigure.web.client.MockRestServiceServerResetTestExecutionListener@4c012563, org.springframework.boot.test.autoconfigure.web.servlet.MockMvcPrintOnlyOnFailureTestExecutionListener@14a50707, org.springframework.boot.test.autoconfigure.web.servlet.WebDriverTestExecutionListener@4d518b32, org.springframework.boot.test.autoconfigure.webservices.client.MockWebServiceServerTestExecutionListener@4bd31064]
18:33:11.670 [main] DEBUG org.springframework.test.context.support.AbstractDirtiesContextTestExecutionListener - Before test class: context [DefaultTestContext@37fb0bed testClass = FirstUnitTestApplicationTests, testInstance = [null], testMethod = [null], testException = [null], mergedContextConfiguration = [MergedContextConfiguration@a82c5f1 testClass = FirstUnitTestApplicationTests, locations = '{}', classes = '{class mx.tec.lab.FirstUnitTestApplication}', contextInitializerClasses = '[]', activeProfiles = '{}', propertySourceLocations = '{}', propertySourceProperties = '{org.springframework.boot.test.context.SpringBootTestContextBootstrapper=true}', contextCustomizers = set[org.springframework.boot.test.context.filter.ExcludeFilterContextCustomizer@561b6512, org.springframework.boot.test.json.DuplicateJsonObjectContextCustomizerFactory$DuplicateJsonObjectContextCustomizer@445b295b, org.springframework.boot.test.mock.mockito.MockitoContextCustomizer@0, org.springframework.boot.test.web.client.TestRestTemplateContextCustomizer@424e1977, org.springframework.boot.test.autoconfigure.actuate.metrics.MetricsExportContextCustomizerFactory$DisableMetricExportContextCustomizer@6e509ffa, org.springframework.boot.test.autoconfigure.properties.PropertyMappingContextCustomizer@0, org.springframework.boot.test.autoconfigure.web.servlet.WebDriverContextCustomizerFactory$Customizer@7c83dc97, org.springframework.boot.test.context.SpringBootTestArgs@1, org.springframework.boot.test.context.SpringBootTestWebEnvironment@31610302], contextLoader = 'org.springframework.boot.test.context.SpringBootContextLoader', parent = [null]], attributes = map[[empty]]], class annotated with @DirtiesContext [false] with mode [null].
18:33:11.678 [main] INFO mx.tec.lab.FirstUnitTestApplicationTests - @BeforeAll - executes once before all test methods in this class.
18:33:11.685 [main] DEBUG org.springframework.test.context.support.DependencyInjectionTestExecutionListener - Performing dependency injection for test context [[DefaultTestContext@37fb0bed testClass = FirstUnitTestApplicationTests, testInstance = mx.tec.lab.FirstUnitTestApplicationTests@1205bd62, testMethod = [null], testException = [null], mergedContextConfiguration = [MergedContextConfiguration@a82c5f1 testClass = FirstUnitTestApplicationTests, locations = '{}', classes = '{class mx.tec.lab.FirstUnitTestApplication}', contextInitializerClasses = '[]', activeProfiles = '{}', propertySourceLocations = '{}', propertySourceProperties = '{org.springframework.boot.test.context.SpringBootTestContextBootstrapper=true}', contextCustomizers = set[org.springframework.boot.test.context.filter.ExcludeFilterContextCustomizer@561b6512, org.springframework.boot.test.json.DuplicateJsonObjectContextCustomizerFactory$DuplicateJsonObjectContextCustomizer@445b295b, org.springframework.boot.test.mock.mockito.MockitoContextCustomizer@0, org.springframework.boot.test.web.client.TestRestTemplateContextCustomizer@424e1977, org.springframework.boot.test.autoconfigure.actuate.metrics.MetricsExportContextCustomizerFactory$DisableMetricExportContextCustomizer@6e509ffa, org.springframework.boot.test.autoconfigure.properties.PropertyMappingContextCustomizer@0, org.springframework.boot.test.autoconfigure.web.servlet.WebDriverContextCustomizerFactory$Customizer@7c83dc97, org.springframework.boot.test.context.SpringBootTestArgs@1, org.springframework.boot.test.context.SpringBootTestWebEnvironment@31610302], contextLoader = 'org.springframework.boot.test.context.SpringBootContextLoader', parent = [null]], attributes = map['org.springframework.test.context.event.ApplicationEventsTestExecutionListener.recordApplicationEvents' -> false]]].
18:33:11.702 [main] DEBUG org.springframework.test.context.support.TestPropertySourceUtils - Adding inlined properties to environment: {spring.jmx.enabled=false, org.springframework.boot.test.context.SpringBootTestContextBootstrapper=true}

  .   ____          _            __ _ _
 /\\ / ___'_ __ _ _(_)_ __  __ _ \ \ \ \
( ( )\___ | '_ | '_| | '_ \/ _` | \ \ \ \
 \\/  ___)| |_)| | | | | || (_| |  ) ) ) )
  '  |____| .__|_| |_|_| |_\__, | / / / /
 =========|_|==============|___/=/_/_/_/
 :: Spring Boot ::                (v2.4.2)

2021-02-11 18:33:11.883  INFO 74443 --- [           main] m.tec.lab.FirstUnitTestApplicationTests  : Starting FirstUnitTestApplicationTests using Java 15.0.2 on vec-asustrx with PID 74443 (started by victorg in /home/victorg/Documents/workspace-spring-tool-suite-4-4.9.0.RELEASE/firstUnitTest)
2021-02-11 18:33:11.886  INFO 74443 --- [           main] m.tec.lab.FirstUnitTestApplicationTests  : No active profile set, falling back to default profiles: default
2021-02-11 18:33:12.225  INFO 74443 --- [           main] m.tec.lab.FirstUnitTestApplicationTests  : Started FirstUnitTestApplicationTests in 0.521 seconds (JVM running for 1.117)
]]></system-out>
  </testcase>
  <testcase name="simpleTest" classname="mx.tec.lab.FirstUnitTestApplicationTests" time="0.282"/>
  <testcase name="otherSimpleTest" classname="mx.tec.lab.FirstUnitTestApplicationTests" time="0.002"/>
</testsuite>